<?xml version="1.0" encoding="UTF-8" ?>
<testsuite tests="17" failures="0" name="edu.uw.cs.FlightServiceTest" time="157.525" errors="0" skipped="0">
  <properties>
    <property name="java.runtime.name" value="OpenJDK Runtime Environment"/>
    <property name="java.vm.version" value="11.0.3+7"/>
    <property name="sun.boot.library.path" value="/Library/Java/JavaVirtualMachines/adoptopenjdk-11.jdk/Contents/Home/lib"/>
    <property name="gopherProxySet" value="false"/>
    <property name="maven.multiModuleProjectDirectory" value="/Users/yixuanxiao/Desktop/cse 344/cse344-xiaoyixu/hw/hw5/starter-code"/>
    <property name="java.vm.vendor" value="AdoptOpenJDK"/>
    <property name="java.vendor.url" value="https://adoptopenjdk.net/"/>
    <property name="guice.disable.misplaced.annotation.check" value="true"/>
    <property name="path.separator" value=":"/>
    <property name="java.vm.name" value="OpenJDK 64-Bit Server VM"/>
    <property name="sun.os.patch.level" value="unknown"/>
    <property name="user.country" value="CN"/>
    <property name="sun.java.launcher" value="SUN_STANDARD"/>
    <property name="java.vm.specification.name" value="Java Virtual Machine Specification"/>
    <property name="user.dir" value="/Users/yixuanxiao/Desktop/cse 344/cse344-xiaoyixu/hw/hw5/starter-code"/>
    <property name="java.vm.compressedOopsMode" value="Zero based"/>
    <property name="java.runtime.version" value="11.0.3+7"/>
    <property name="java.awt.graphicsenv" value="sun.awt.CGraphicsEnvironment"/>
    <property name="os.arch" value="x86_64"/>
    <property name="java.io.tmpdir" value="/var/folders/yq/w41tz9k97cx200lygsjf4p4c0000gn/T/"/>
    <property name="line.separator" value="
"/>
    <property name="java.vm.specification.vendor" value="Oracle Corporation"/>
    <property name="os.name" value="Mac OS X"/>
    <property name="classworlds.conf" value="/usr/local/Cellar/maven/3.6.1/libexec/bin/m2.conf"/>
    <property name="sun.jnu.encoding" value="UTF-8"/>
    <property name="java.library.path" value="/Users/yixuanxiao/Library/Java/Extensions:/Library/Java/Extensions:/Network/Library/Java/Extensions:/System/Library/Java/Extensions:/usr/lib/java:."/>
    <property name="maven.conf" value="/usr/local/Cellar/maven/3.6.1/libexec/conf"/>
    <property name="jdk.debug" value="release"/>
    <property name="java.class.version" value="55.0"/>
    <property name="java.specification.name" value="Java Platform API Specification"/>
    <property name="sun.management.compiler" value="HotSpot 64-Bit Tiered Compilers"/>
    <property name="os.version" value="10.14.5"/>
    <property name="library.jansi.path" value="/usr/local/Cellar/maven/3.6.1/libexec/lib/jansi-native"/>
    <property name="http.nonProxyHosts" value="local|*.local|169.254/16|*.169.254/16"/>
    <property name="user.home" value="/Users/yixuanxiao"/>
    <property name="user.timezone" value="America/Los_Angeles"/>
    <property name="java.awt.printerjob" value="sun.lwawt.macosx.CPrinterJob"/>
    <property name="file.encoding" value="UTF-8"/>
    <property name="java.specification.version" value="11"/>
    <property name="user.name" value="yixuanxiao"/>
    <property name="java.class.path" value="/usr/local/Cellar/maven/3.6.1/libexec/boot/plexus-classworlds-2.6.0.jar"/>
    <property name="java.vm.specification.version" value="11"/>
    <property name="sun.arch.data.model" value="64"/>
    <property name="sun.java.command" value="org.codehaus.plexus.classworlds.launcher.Launcher test"/>
    <property name="java.home" value="/Library/Java/JavaVirtualMachines/adoptopenjdk-11.jdk/Contents/Home"/>
    <property name="user.language" value="en"/>
    <property name="java.specification.vendor" value="Oracle Corporation"/>
    <property name="awt.toolkit" value="sun.lwawt.macosx.LWCToolkit"/>
    <property name="java.vm.info" value="mixed mode"/>
    <property name="java.version" value="11.0.3"/>
    <property name="java.vendor" value="AdoptOpenJDK"/>
    <property name="maven.home" value="/usr/local/Cellar/maven/3.6.1/libexec"/>
    <property name="file.separator" value="/"/>
    <property name="java.version.date" value="2019-04-16"/>
    <property name="java.vendor.url.bug" value="https://github.com/AdoptOpenJDK/openjdk-build/issues"/>
    <property name="sun.io.unicode.encoding" value="UnicodeBig"/>
    <property name="sun.cpu.endian" value="little"/>
    <property name="java.vendor.version" value="AdoptOpenJDK"/>
    <property name="socksNonProxyHosts" value="local|*.local|169.254/16|*.169.254/16"/>
    <property name="ftp.nonProxyHosts" value="local|*.local|169.254/16|*.169.254/16"/>
    <property name="sun.cpu.isalist" value=""/>
  </properties>
  <testcase classname="edu.uw.cs.FlightServiceTest" name="runTest[0]" time="9.445"/>
  <testcase classname="edu.uw.cs.FlightServiceTest" name="runTest[1]" time="4.797"/>
  <testcase classname="edu.uw.cs.FlightServiceTest" name="runTest[2]" time="16.725"/>
  <testcase classname="edu.uw.cs.FlightServiceTest" name="runTest[3]" time="11.666"/>
  <testcase classname="edu.uw.cs.FlightServiceTest" name="runTest[4]" time="7.561"/>
  <testcase classname="edu.uw.cs.FlightServiceTest" name="runTest[5]" time="6.967"/>
  <testcase classname="edu.uw.cs.FlightServiceTest" name="runTest[6]" time="10.508"/>
  <testcase classname="edu.uw.cs.FlightServiceTest" name="runTest[7]" time="12.654"/>
  <testcase classname="edu.uw.cs.FlightServiceTest" name="runTest[8]" time="11.818"/>
  <testcase classname="edu.uw.cs.FlightServiceTest" name="runTest[9]" time="6.72"/>
  <testcase classname="edu.uw.cs.FlightServiceTest" name="runTest[10]" time="10.027"/>
  <testcase classname="edu.uw.cs.FlightServiceTest" name="runTest[11]" time="11.712"/>
  <testcase classname="edu.uw.cs.FlightServiceTest" name="runTest[12]" time="7.442"/>
  <testcase classname="edu.uw.cs.FlightServiceTest" name="runTest[13]" time="5.003"/>
  <testcase classname="edu.uw.cs.FlightServiceTest" name="runTest[14]" time="11.829"/>
  <testcase classname="edu.uw.cs.FlightServiceTest" name="runTest[15]" time="7.237"/>
  <testcase classname="edu.uw.cs.FlightServiceTest" name="runTest[16]" time="5.414"/>
</testsuite>